Build started 6/03/2015 9:44:39 PM.
     1>Project "D:\mbatc13\My Documents\GameProjects\MFCEngine\MFCEngine\MFCEngine.vcxproj" on node 2 (Build target(s)).
     1>ResourceCompile:
         C:\Program Files (x86)\Windows Kits\8.1\bin\x86\rc.exe /D _AFXDLL /l"0x0409" /nologo /fo"Debug\MFCEngine.res" MFCEngine.rc 
       Link:
         C:\Program Files (x86)\Microsoft Visual Studio 12.0\VC\bin\link.exe /ERRORREPORT:PROMPT /OUT:"D:\mbatc13\My Documents\GameProjects\MFCEngine\Debug\MFCEngine.exe" /INCREMENTAL /NOLOGO /MANIFEST /MANIFESTUAC:"level='asInvoker' uiAccess='false'" /manifest:embed /manifestinput:"C:\Program Files (x86)\Microsoft Visual Studio 12.0\VC\Include\Manifest\dpiaware.manifest" /DEBUG /PDB:"D:\mbatc13\My Documents\GameProjects\MFCEngine\Debug\MFCEngine.pdb" /SUBSYSTEM:WINDOWS /TLBID:1 /DYNAMICBASE /NXCOMPAT /IMPLIB:"D:\mbatc13\My Documents\GameProjects\MFCEngine\Debug\MFCEngine.lib" /MACHINE:X86 Debug\MFCEngine.res
         Debug\Camera.obj
         Debug\Component.obj
         Debug\CustomBehaviour.obj
         Debug\D3DGraphics.obj
         Debug\DialogObjList.obj
         Debug\Gameobject.obj
         Debug\GlobalPointerDef.obj
         Debug\KeyboardInput.obj
         Debug\Light.obj
         Debug\MainApp.obj
         Debug\MainDoc.obj
         Debug\MainSplitter.obj
         Debug\MainView.obj
         Debug\MainWin.obj
         Debug\MaterialEditor.obj
         Debug\Mesh.obj
         Debug\MeshRenderer.obj
         Debug\MouseInput.obj
         Debug\PhysicsController.obj
         Debug\Project.obj
         Debug\Scene.obj
         Debug\SceneRenderer.obj
         Debug\DialogObjProp.obj
         Debug\Transform.obj
         Debug\Vector.obj
         MFCEngine.vcxproj -> D:\mbatc13\My Documents\GameProjects\MFCEngine\Debug\MFCEngine.exe
     1>Done Building Project "D:\mbatc13\My Documents\GameProjects\MFCEngine\MFCEngine\MFCEngine.vcxproj" (Build target(s)).

Build succeeded.

Time Elapsed 00:00:00.54
